<?xml version="1.0" encoding="UTF-8"?>
<testng-results skipped="0" failed="0" ignored="0" total="2" passed="2">
  <reporter-output>
  </reporter-output>
  <suite name="Default suite" duration-ms="33294" started-at="2017-05-15T14:41:30Z" finished-at="2017-05-15T14:42:03Z">
    <groups>
    </groups>
    <test name="Default test" duration-ms="33294" started-at="2017-05-15T14:41:30Z" finished-at="2017-05-15T14:42:03Z">
      <class name="test.test.AppTest">
        <test-method status="PASS" signature="test1()[pri:0, instance:test.test.AppTest@6d4b1c02]" name="test1" duration-ms="15010" started-at="2017-05-15T17:41:30Z" finished-at="2017-05-15T17:41:45Z">
          <reporter-output>
          </reporter-output>
        </test-method> <!-- test1 -->
        <test-method status="PASS" signature="test2()[pri:0, instance:test.test.AppTest@6d4b1c02]" name="test2" duration-ms="18245" started-at="2017-05-15T17:41:45Z" finished-at="2017-05-15T17:42:03Z">
          <reporter-output>
          </reporter-output>
        </test-method> <!-- test2 -->
      </class> <!-- test.test.AppTest -->
    </test> <!-- Default test -->
  </suite> <!-- Default suite -->
</testng-results>
